Lexicon.l:106: warning, rule cannot be matched
flex version 2.5.37 usage statistics:
  scanner options: -vI8 -Cem -oTokeniser.cpp
  352/2000 NFA states
  126/1000 DFA states (529 words)
  66 rules
  Compressed tables always back-up
  4/40 start conditions
  216 epsilon states, 82 double epsilon states
  9/100 character classes needed 166/500 words of storage, 0 reused
  2419 state/nextstate pairs created
  226/2193 unique/duplicate transitions
  135/1000 base-def entries created
  211/2000 (peak 547) nxt-chk entries created
  36/2500 (peak 468) template nxt-chk entries created
  0 empty table entries
  10 protos created
  9 templates created, 71 uses
  52/256 equivalence classes created
  4/256 meta-equivalence classes created
  57 (3 saved) hash collisions, 109 DFAs equal
  0 sets of reallocations needed
  1000 total table entries needed
